<?xml version="1.0" encoding="UTF-8"?>
<!-- Generated by org.testng.reporters.JUnitReportReporter -->
<testsuite skipped="0" hostname="DESKTOP-U1DLNAG" name="com.Flipkart.testScripts.Excel" tests="1" failures="0" timestamp="27 Nov 2017 05:40:00 GMT" time="0.664" errors="0">
  <testcase name="mai" time="0.664" classname="com.Flipkart.testScripts.Excel"/>
</testsuite> <!-- com.Flipkart.testScripts.Excel -->
