<?xml version="1.0" encoding="UTF-8"?>
<!-- Generated by org.testng.reporters.JUnitReportReporter -->
<testsuite skipped="0" hostname="DESKTOP-U1DLNAG" name="com.Flipkart.testScripts.HomeTest" tests="1" failures="0" timestamp="16 Dec 2017 21:35:43 GMT" time="11.233" errors="0">
  <testcase name="successfulLogin" time="11.233" classname="com.Flipkart.testScripts.HomeTest"/>
</testsuite> <!-- com.Flipkart.testScripts.HomeTest -->
