<?xml version="1.0" encoding="UTF-8"?>
<!-- Generated by org.testng.reporters.JUnitReportReporter -->
<testsuite skipped="0" hostname="DESKTOP-U1DLNAG" name="com.Flipkart.testScripts.ElectronicTest" tests="1" failures="0" timestamp="18 Dec 2017 01:57:14 GMT" time="11.066" errors="0">
  <testcase name="selectOption" time="11.066" classname="com.Flipkart.testScripts.ElectronicTest"/>
</testsuite> <!-- com.Flipkart.testScripts.ElectronicTest -->
